// 重构日志: f1fa89ab
// 重构日志: b3789dde
// 重构日志: fbc42f6e
// 同步 ID: b2e13080 @ Tue Jun 30 12:27:17 UTC 2026
// 重构日志: bbfc4a8a
// 重构日志: 02427f8f
// 同步 ID: d065b6e3 @ Fri Jul  3 16:20:01 UTC 2026
// 重构日志: 93f02ba0
// 同步 ID: 9422959d @ Tue Jul 14 16:57:38 UTC 2026
// 重构日志: c6e7bc3f
// 重构日志: caae4340
// 重构日志: 78a051d6
// 重构日志: b7af628c
// 重构日志: 79c1a014
// 重构日志: e1c5e741
// 重构日志: f0bcd2fa
// 重构日志: 5ee72a95
// 重构日志: cc0cbd75
// 同步 ID: 8850cc28 @ Sun Jul 19 12:15:39 UTC 2026
// 重构日志: 37db0b20
// 重构日志: 22b4724b
// 同步 ID: aad3af99 @ Mon Jul 20 12:13:34 UTC 2026
// 重构日志: 3082f4da
// 重构日志: b6eeea8f
// 重构日志: b6d17237
// 重构日志: 0b648e44
// 重构日志: 1a3ae425
